生成启动时间为 2018/9/27 15:22:28。
     1>项目“E:\[GitHub]\CLP\17.计算两座标点间距离\计算两座标点间距离\计算两座标点间距离\计算两座标点间距离.vcxproj”在节点 2 上(build 个目标)。
     1>InitializeBuildStatus:
         正在对“Debug\计算两座标点间距离.unsuccessfulbuild”执行 Touch 任务。
       ClCompile:
         C:\Program Files\Microsoft Visual Studio 10.0\VC\bin\CL.exe /c /ZI /nologo /W3 /WX- /Od /Oy- /D _UNICODE /D UNICODE /Gm /EHsc /RTC1 /MDd /GS /fp:precise /Zc:wchar_t /Zc:forScope /Fo"Debug\\" /Fd"Debug\vc100.pdb" /Gd /TC /analyze- /errorReport:prompt sourse.c
         sourse.c
     1>e:\[github]\clp\17.计算两座标点间距离\计算两座标点间距离\计算两座标点间距离\sourse.c(13): warning C4996: 'scanf': This function or variable may be unsafe. Consider using scanf_s instead. To disable deprecation, use _CRT_SECURE_NO_WARNINGS. See online help for details.
                 c:\program files\microsoft visual studio 10.0\vc\include\stdio.h(304) : 参见“scanf”的声明
     1>e:\[github]\clp\17.计算两座标点间距离\计算两座标点间距离\计算两座标点间距离\sourse.c(16): warning C4996: 'scanf': This function or variable may be unsafe. Consider using scanf_s instead. To disable deprecation, use _CRT_SECURE_NO_WARNINGS. See online help for details.
                 c:\program files\microsoft visual studio 10.0\vc\include\stdio.h(304) : 参见“scanf”的声明
       Link:
         C:\Program Files\Microsoft Visual Studio 10.0\VC\bin\link.exe /ERRORREPORT:PROMPT /OUT:"E:\[GitHub]\CLP\17.计算两座标点间距离\计算两座标点间距离\Debug\计算两座标点间距离.exe" /NOLOGO kernel32.lib user32.lib gdi32.lib winspool.lib comdlg32.lib advapi32.lib shell32.lib ole32.lib oleaut32.lib uuid.lib odbc32.lib odbccp32.lib /MANIFEST /ManifestFile:"Debug\计算两座标点间距离.exe.intermediate.manifest" /MANIFESTUAC:"level='asInvoker' uiAccess='false'" /DEBUG /PDB:"E:\[GitHub]\CLP\17.计算两座标点间距离\计算两座标点间距离\Debug\计算两座标点间距离.pdb" /TLBID:1 /DYNAMICBASE /NXCOMPAT /IMPLIB:"E:\[GitHub]\CLP\17.计算两座标点间距离\计算两座标点间距离\Debug\计算两座标点间距离.lib" /MACHINE:X86 Debug\sourse.obj
         LINK : 没有找到 E:\[GitHub]\CLP\17.计算两座标点间距离\计算两座标点间距离\Debug\计算两座标点间距离.exe 或上一个增量链接没有生成它；正在执行完全链接
         计算两座标点间距离.vcxproj -> E:\[GitHub]\CLP\17.计算两座标点间距离\计算两座标点间距离\Debug\计算两座标点间距离.exe
       Manifest:
         C:\Program Files\Microsoft SDKs\Windows\v7.0A\bin\mt.exe /nologo /verbose /outputresource:"E:\[GitHub]\CLP\17.计算两座标点间距离\计算两座标点间距离\Debug\计算两座标点间距离.exe;#1" /manifest "Debug\计算两座标点间距离.exe.intermediate.manifest"
       FinalizeBuildStatus:
         正在删除文件“Debug\计算两座标点间距离.unsuccessfulbuild”。
         正在对“Debug\计算两座标点间距离.lastbuildstate”执行 Touch 任务。
     1>已完成生成项目“E:\[GitHub]\CLP\17.计算两座标点间距离\计算两座标点间距离\计算两座标点间距离\计算两座标点间距离.vcxproj”(build 个目标)的操作。

生成成功。

已用时间 00:00:25.49
